
*** Running vivado
    with args -log system_auto_pc_0.vds -m64 -product Vivado -mode batch -messageDb vivado.pb -notrace -source system_auto_pc_0.tcl



****** Vivado v2016.4_sdx (64-bit)
  **** SW Build 1806307 on Thu Mar  9 15:24:31 MST 2017
  **** IP Build 1759159 on Thu Jan 26 07:31:30 MST 2017
    ** Copyright 1986-2016 Xilinx, Inc. All Rights Reserved.

Sourcing tcl script 'D:/Vivado_sdsoc/SDx/2016.4/Vivado/scripts/init.tcl'
16 Beta devices matching pattern found, 16 enabled.
Loaded SDSoC Platform Tcl Library
source system_auto_pc_0.tcl -notrace
Starting RTL Elaboration : Time (s): cpu = 00:00:10 ; elapsed = 00:00:18 . Memory (MB): peak = 313.656 ; gain = 102.801
INFO: [Synth 8-638] synthesizing module 'system_auto_pc_0' [d:/Users/jmcui/workspace/ps_pl/hw_proj/project/project.srcs/sources_1/bd/system/ip/system_auto_pc_0/synth/system_auto_pc_0.v:58]
INFO: [Synth 8-638] synthesizing module 'axi_protocol_converter_v2_1_11_axi_protocol_converter' [d:/Users/jmcui/workspace/ps_pl/hw_proj/project/project.srcs/sources_1/bd/system/ipshared/df1b/hdl/axi_protocol_converter_v2_1_vl_rfs.v:4806]
INFO: [Synth 8-638] synthesizing module 'axi_protocol_converter_v2_1_11_b2s' [d:/Users/jmcui/workspace/ps_pl/hw_proj/project/project.srcs/sources_1/bd/system/ipshared/df1b/hdl/axi_protocol_converter_v2_1_vl_rfs.v:4224]
INFO: [Synth 8-638] synthesizing module 'axi_protocol_converter_v2_1_11_b2s_aw_channel' [d:/Users/jmcui/workspace/ps_pl/hw_proj/project/project.srcs/sources_1/bd/system/ipshared/df1b/hdl/axi_protocol_converter_v2_1_vl_rfs.v:3969]
INFO: [Synth 8-638] synthesizing module 'axi_protocol_converter_v2_1_11_b2s_cmd_translator' [d:/Users/jmcui/workspace/ps_pl/hw_proj/project/project.srcs/sources_1/bd/system/ipshared/df1b/hdl/axi_protocol_converter_v2_1_vl_rfs.v:3467]
INFO: [Synth 8-638] synthesizing module 'axi_protocol_converter_v2_1_11_b2s_incr_cmd' [d:/Users/jmcui/workspace/ps_pl/hw_proj/project/project.srcs/sources_1/bd/system/ipshared/df1b/hdl/axi_protocol_converter_v2_1_vl_rfs.v:3093]
INFO: [Synth 8-256] done synthesizing module 'axi_protocol_converter_v2_1_11_b2s_incr_cmd' (1#1) [d:/Users/jmcui/workspace/ps_pl/hw_proj/project/project.srcs/sources_1/bd/system/ipshared/df1b/hdl/axi_protocol_converter_v2_1_vl_rfs.v:3093]
INFO: [Synth 8-638] synthesizing module 'axi_protocol_converter_v2_1_11_b2s_wrap_cmd' [d:/Users/jmcui/workspace/ps_pl/hw_proj/project/project.srcs/sources_1/bd/system/ipshared/df1b/hdl/axi_protocol_converter_v2_1_vl_rfs.v:2903]
INFO: [Synth 8-256] done synthesizing module 'axi_protocol_converter_v2_1_11_b2s_wrap_cmd' (2#1) [d:/Users/jmcui/workspace/ps_pl/hw_proj/project/project.srcs/sources_1/bd/system/ipshared/df1b/hdl/axi_protocol_converter_v2_1_vl_rfs.v:2903]
INFO: [Synth 8-256] done synthesizing module 'axi_protocol_converter_v2_1_11_b2s_cmd_translator' (3#1) [d:/Users/jmcui/workspace/ps_pl/hw_proj/project/project.srcs/sources_1/bd/system/ipshared/df1b/hdl/axi_protocol_converter_v2_1_vl_rfs.v:3467]
INFO: [Synth 8-638] synthesizing module 'axi_protocol_converter_v2_1_11_b2s_wr_cmd_fsm' [d:/Users/jmcui/workspace/ps_pl/hw_proj/project/project.srcs/sources_1/bd/system/ipshared/df1b/hdl/axi_protocol_converter_v2_1_vl_rfs.v:3225]
INFO: [Synth 8-256] done synthesizing module 'axi_protocol_converter_v2_1_11_b2s_wr_cmd_fsm' (4#1) [d:/Users/jmcui/workspace/ps_pl/hw_proj/project/project.srcs/sources_1/bd/system/ipshared/df1b/hdl/axi_protocol_converter_v2_1_vl_rfs.v:3225]
INFO: [Synth 8-256] done synthesizing module 'axi_protocol_converter_v2_1_11_b2s_aw_channel' (5#1) [d:/Users/jmcui/workspace/ps_pl/hw_proj/project/project.srcs/sources_1/bd/system/ipshared/df1b/hdl/axi_protocol_converter_v2_1_vl_rfs.v:3969]
INFO: [Synth 8-638] synthesizing module 'axi_protocol_converter_v2_1_11_b2s_b_channel' [d:/Users/jmcui/workspace/ps_pl/hw_proj/project/project.srcs/sources_1/bd/system/ipshared/df1b/hdl/axi_protocol_converter_v2_1_vl_rfs.v:3609]
INFO: [Synth 8-638] synthesizing module 'axi_protocol_converter_v2_1_11_b2s_simple_fifo' [d:/Users/jmcui/workspace/ps_pl/hw_proj/project/project.srcs/sources_1/bd/system/ipshared/df1b/hdl/axi_protocol_converter_v2_1_vl_rfs.v:2816]
INFO: [Synth 8-256] done synthesizing module 'axi_protocol_converter_v2_1_11_b2s_simple_fifo' (6#1) [d:/Users/jmcui/workspace/ps_pl/hw_proj/project/project.srcs/sources_1/bd/system/ipshared/df1b/hdl/axi_protocol_converter_v2_1_vl_rfs.v:2816]
INFO: [Synth 8-638] synthesizing module 'axi_protocol_converter_v2_1_11_b2s_simple_fifo__parameterized0' [d:/Users/jmcui/workspace/ps_pl/hw_proj/project/project.srcs/sources_1/bd/system/ipshared/df1b/hdl/axi_protocol_converter_v2_1_vl_rfs.v:2816]
INFO: [Synth 8-256] done synthesizing module 'axi_protocol_converter_v2_1_11_b2s_simple_fifo__parameterized0' (6#1) [d:/Users/jmcui/workspace/ps_pl/hw_proj/project/project.srcs/sources_1/bd/system/ipshared/df1b/hdl/axi_protocol_converter_v2_1_vl_rfs.v:2816]
INFO: [Synth 8-256] done synthesizing module 'axi_protocol_converter_v2_1_11_b2s_b_channel' (7#1) [d:/Users/jmcui/workspace/ps_pl/hw_proj/project/project.srcs/sources_1/bd/system/ipshared/df1b/hdl/axi_protocol_converter_v2_1_vl_rfs.v:3609]
INFO: [Synth 8-638] synthesizing module 'axi_protocol_converter_v2_1_11_b2s_ar_channel' [d:/Users/jmcui/workspace/ps_pl/hw_proj/project/project.srcs/sources_1/bd/system/ipshared/df1b/hdl/axi_protocol_converter_v2_1_vl_rfs.v:4080]
INFO: [Synth 8-638] synthesizing module 'axi_protocol_converter_v2_1_11_b2s_rd_cmd_fsm' [d:/Users/jmcui/workspace/ps_pl/hw_proj/project/project.srcs/sources_1/bd/system/ipshared/df1b/hdl/axi_protocol_converter_v2_1_vl_rfs.v:3336]
INFO: [Synth 8-256] done synthesizing module 'axi_protocol_converter_v2_1_11_b2s_rd_cmd_fsm' (8#1) [d:/Users/jmcui/workspace/ps_pl/hw_proj/project/project.srcs/sources_1/bd/system/ipshared/df1b/hdl/axi_protocol_converter_v2_1_vl_rfs.v:3336]
INFO: [Synth 8-256] done synthesizing module 'axi_protocol_converter_v2_1_11_b2s_ar_channel' (9#1) [d:/Users/jmcui/workspace/ps_pl/hw_proj/project/project.srcs/sources_1/bd/system/ipshared/df1b/hdl/axi_protocol_converter_v2_1_vl_rfs.v:4080]
INFO: [Synth 8-638] synthesizing module 'axi_protocol_converter_v2_1_11_b2s_r_channel' [d:/Users/jmcui/workspace/ps_pl/hw_proj/project/project.srcs/sources_1/bd/system/ipshared/df1b/hdl/axi_protocol_converter_v2_1_vl_rfs.v:3809]
INFO: [Synth 8-638] synthesizing module 'axi_protocol_converter_v2_1_11_b2s_simple_fifo__parameterized1' [d:/Users/jmcui/workspace/ps_pl/hw_proj/project/project.srcs/sources_1/bd/system/ipshared/df1b/hdl/axi_protocol_converter_v2_1_vl_rfs.v:2816]
INFO: [Synth 8-256] done synthesizing module 'axi_protocol_converter_v2_1_11_b2s_simple_fifo__parameterized1' (9#1) [d:/Users/jmcui/workspace/ps_pl/hw_proj/project/project.srcs/sources_1/bd/system/ipshared/df1b/hdl/axi_protocol_converter_v2_1_vl_rfs.v:2816]
INFO: [Synth 8-638] synthesizing module 'axi_protocol_converter_v2_1_11_b2s_simple_fifo__parameterized2' [d:/Users/jmcui/workspace/ps_pl/hw_proj/project/project.srcs/sources_1/bd/system/ipshared/df1b/hdl/axi_protocol_converter_v2_1_vl_rfs.v:2816]
INFO: [Synth 8-256] done synthesizing module 'axi_protocol_converter_v2_1_11_b2s_simple_fifo__parameterized2' (9#1) [d:/Users/jmcui/workspace/ps_pl/hw_proj/project/project.srcs/sources_1/bd/system/ipshared/df1b/hdl/axi_protocol_converter_v2_1_vl_rfs.v:2816]
INFO: [Synth 8-256] done synthesizing module 'axi_protocol_converter_v2_1_11_b2s_r_channel' (10#1) [d:/Users/jmcui/workspace/ps_pl/hw_proj/project/project.srcs/sources_1/bd/system/ipshared/df1b/hdl/axi_protocol_converter_v2_1_vl_rfs.v:3809]
INFO: [Synth 8-638] synthesizing module 'axi_register_slice_v2_1_11_axi_register_slice' [d:/Users/jmcui/workspace/ps_pl/hw_proj/project/project.srcs/sources_1/bd/system/ipshared/0b6b/hdl/axi_register_slice_v2_1_vl_rfs.v:791]
INFO: [Synth 8-638] synthesizing module 'axi_infrastructure_v1_1_0_axi2vector' [d:/Users/jmcui/workspace/ps_pl/hw_proj/project/project.srcs/sources_1/bd/system/ipshared/7e3a/hdl/axi_infrastructure_v1_1_vl_rfs.v:60]
INFO: [Synth 8-256] done synthesizing module 'axi_infrastructure_v1_1_0_axi2vector' (11#1) [d:/Users/jmcui/workspace/ps_pl/hw_proj/project/project.srcs/sources_1/bd/system/ipshared/7e3a/hdl/axi_infrastructure_v1_1_vl_rfs.v:60]
INFO: [Synth 8-638] synthesizing module 'axi_register_slice_v2_1_11_axic_register_slice' [d:/Users/jmcui/workspace/ps_pl/hw_proj/project/project.srcs/sources_1/bd/system/ipshared/0b6b/hdl/axi_register_slice_v2_1_vl_rfs.v:85]
INFO: [Synth 8-256] done synthesizing module 'axi_register_slice_v2_1_11_axic_register_slice' (12#1) [d:/Users/jmcui/workspace/ps_pl/hw_proj/project/project.srcs/sources_1/bd/system/ipshared/0b6b/hdl/axi_register_slice_v2_1_vl_rfs.v:85]
INFO: [Synth 8-638] synthesizing module 'axi_register_slice_v2_1_11_axic_register_slice__parameterized0' [d:/Users/jmcui/workspace/ps_pl/hw_proj/project/project.srcs/sources_1/bd/system/ipshared/0b6b/hdl/axi_register_slice_v2_1_vl_rfs.v:85]
INFO: [Synth 8-256] done synthesizing module 'axi_register_slice_v2_1_11_axic_register_slice__parameterized0' (12#1) [d:/Users/jmcui/workspace/ps_pl/hw_proj/project/project.srcs/sources_1/bd/system/ipshared/0b6b/hdl/axi_register_slice_v2_1_vl_rfs.v:85]
INFO: [Synth 8-638] synthesizing module 'axi_register_slice_v2_1_11_axic_register_slice__parameterized1' [d:/Users/jmcui/workspace/ps_pl/hw_proj/project/project.srcs/sources_1/bd/system/ipshared/0b6b/hdl/axi_register_slice_v2_1_vl_rfs.v:85]
INFO: [Synth 8-256] done synthesizing module 'axi_register_slice_v2_1_11_axic_register_slice__parameterized1' (12#1) [d:/Users/jmcui/workspace/ps_pl/hw_proj/project/project.srcs/sources_1/bd/system/ipshared/0b6b/hdl/axi_register_slice_v2_1_vl_rfs.v:85]
INFO: [Synth 8-638] synthesizing module 'axi_register_slice_v2_1_11_axic_register_slice__parameterized2' [d:/Users/jmcui/workspace/ps_pl/hw_proj/project/project.srcs/sources_1/bd/system/ipshared/0b6b/hdl/axi_register_slice_v2_1_vl_rfs.v:85]
INFO: [Synth 8-256] done synthesizing module 'axi_register_slice_v2_1_11_axic_register_slice__parameterized2' (12#1) [d:/Users/jmcui/workspace/ps_pl/hw_proj/project/project.srcs/sources_1/bd/system/ipshared/0b6b/hdl/axi_register_slice_v2_1_vl_rfs.v:85]
INFO: [Synth 8-638] synthesizing module 'axi_infrastructure_v1_1_0_vector2axi' [d:/Users/jmcui/workspace/ps_pl/hw_proj/project/project.srcs/sources_1/bd/system/ipshared/7e3a/hdl/axi_infrastructure_v1_1_vl_rfs.v:474]
INFO: [Synth 8-256] done synthesizing module 'axi_infrastructure_v1_1_0_vector2axi' (13#1) [d:/Users/jmcui/workspace/ps_pl/hw_proj/project/project.srcs/sources_1/bd/system/ipshared/7e3a/hdl/axi_infrastructure_v1_1_vl_rfs.v:474]
INFO: [Synth 8-256] done synthesizing module 'axi_register_slice_v2_1_11_axi_register_slice' (14#1) [d:/Users/jmcui/workspace/ps_pl/hw_proj/project/project.srcs/sources_1/bd/system/ipshared/0b6b/hdl/axi_register_slice_v2_1_vl_rfs.v:791]
INFO: [Synth 8-638] synthesizing module 'axi_register_slice_v2_1_11_axi_register_slice__parameterized0' [d:/Users/jmcui/workspace/ps_pl/hw_proj/project/project.srcs/sources_1/bd/system/ipshared/0b6b/hdl/axi_register_slice_v2_1_vl_rfs.v:791]
INFO: [Synth 8-638] synthesizing module 'axi_infrastructure_v1_1_0_axi2vector__parameterized0' [d:/Users/jmcui/workspace/ps_pl/hw_proj/project/project.srcs/sources_1/bd/system/ipshared/7e3a/hdl/axi_infrastructure_v1_1_vl_rfs.v:60]
INFO: [Synth 8-256] done synthesizing module 'axi_infrastructure_v1_1_0_axi2vector__parameterized0' (14#1) [d:/Users/jmcui/workspace/ps_pl/hw_proj/project/project.srcs/sources_1/bd/system/ipshared/7e3a/hdl/axi_infrastructure_v1_1_vl_rfs.v:60]
INFO: [Synth 8-638] synthesizing module 'axi_register_slice_v2_1_11_axic_register_slice__parameterized3' [d:/Users/jmcui/workspace/ps_pl/hw_proj/project/project.srcs/sources_1/bd/system/ipshared/0b6b/hdl/axi_register_slice_v2_1_vl_rfs.v:85]
INFO: [Synth 8-256] done synthesizing module 'axi_register_slice_v2_1_11_axic_register_slice__parameterized3' (14#1) [d:/Users/jmcui/workspace/ps_pl/hw_proj/project/project.srcs/sources_1/bd/system/ipshared/0b6b/hdl/axi_register_slice_v2_1_vl_rfs.v:85]
INFO: [Synth 8-638] synthesizing module 'axi_register_slice_v2_1_11_axic_register_slice__parameterized4' [d:/Users/jmcui/workspace/ps_pl/hw_proj/project/project.srcs/sources_1/bd/system/ipshared/0b6b/hdl/axi_register_slice_v2_1_vl_rfs.v:85]
INFO: [Synth 8-256] done synthesizing module 'axi_register_slice_v2_1_11_axic_register_slice__parameterized4' (14#1) [d:/Users/jmcui/workspace/ps_pl/hw_proj/project/project.srcs/sources_1/bd/system/ipshared/0b6b/hdl/axi_register_slice_v2_1_vl_rfs.v:85]
INFO: [Synth 8-638] synthesizing module 'axi_register_slice_v2_1_11_axic_register_slice__parameterized5' [d:/Users/jmcui/workspace/ps_pl/hw_proj/project/project.srcs/sources_1/bd/system/ipshared/0b6b/hdl/axi_register_slice_v2_1_vl_rfs.v:85]
INFO: [Synth 8-256] done synthesizing module 'axi_register_slice_v2_1_11_axic_register_slice__parameterized5' (14#1) [d:/Users/jmcui/workspace/ps_pl/hw_proj/project/project.srcs/sources_1/bd/system/ipshared/0b6b/hdl/axi_register_slice_v2_1_vl_rfs.v:85]
INFO: [Synth 8-638] synthesizing module 'axi_register_slice_v2_1_11_axic_register_slice__parameterized6' [d:/Users/jmcui/workspace/ps_pl/hw_proj/project/project.srcs/sources_1/bd/system/ipshared/0b6b/hdl/axi_register_slice_v2_1_vl_rfs.v:85]
INFO: [Synth 8-256] done synthesizing module 'axi_register_slice_v2_1_11_axic_register_slice__parameterized6' (14#1) [d:/Users/jmcui/workspace/ps_pl/hw_proj/project/project.srcs/sources_1/bd/system/ipshared/0b6b/hdl/axi_register_slice_v2_1_vl_rfs.v:85]
INFO: [Synth 8-638] synthesizing module 'axi_register_slice_v2_1_11_axic_register_slice__parameterized7' [d:/Users/jmcui/workspace/ps_pl/hw_proj/project/project.srcs/sources_1/bd/system/ipshared/0b6b/hdl/axi_register_slice_v2_1_vl_rfs.v:85]
INFO: [Synth 8-256] done synthesizing module 'axi_register_slice_v2_1_11_axic_register_slice__parameterized7' (14#1) [d:/Users/jmcui/workspace/ps_pl/hw_proj/project/project.srcs/sources_1/bd/system/ipshared/0b6b/hdl/axi_register_slice_v2_1_vl_rfs.v:85]
INFO: [Synth 8-638] synthesizing module 'axi_infrastructure_v1_1_0_vector2axi__parameterized0' [d:/Users/jmcui/workspace/ps_pl/hw_proj/project/project.srcs/sources_1/bd/system/ipshared/7e3a/hdl/axi_infrastructure_v1_1_vl_rfs.v:474]
INFO: [Synth 8-256] done synthesizing module 'axi_infrastructure_v1_1_0_vector2axi__parameterized0' (14#1) [d:/Users/jmcui/workspace/ps_pl/hw_proj/project/project.srcs/sources_1/bd/system/ipshared/7e3a/hdl/axi_infrastructure_v1_1_vl_rfs.v:474]
INFO: [Synth 8-256] done synthesizing module 'axi_register_slice_v2_1_11_axi_register_slice__parameterized0' (14#1) [d:/Users/jmcui/workspace/ps_pl/hw_proj/project/project.srcs/sources_1/bd/system/ipshared/0b6b/hdl/axi_register_slice_v2_1_vl_rfs.v:791]
INFO: [Synth 8-256] done synthesizing module 'axi_protocol_converter_v2_1_11_b2s' (15#1) [d:/Users/jmcui/workspace/ps_pl/hw_proj/project/project.srcs/sources_1/bd/system/ipshared/df1b/hdl/axi_protocol_converter_v2_1_vl_rfs.v:4224]
INFO: [Synth 8-256] done synthesizing module 'axi_protocol_converter_v2_1_11_axi_protocol_converter' (16#1) [d:/Users/jmcui/workspace/ps_pl/hw_proj/project/project.srcs/sources_1/bd/system/ipshared/df1b/hdl/axi_protocol_converter_v2_1_vl_rfs.v:4806]
INFO: [Synth 8-256] done synthesizing module 'system_auto_pc_0' (17#1) [d:/Users/jmcui/workspace/ps_pl/hw_proj/project/project.srcs/sources_1/bd/system/ip/system_auto_pc_0/synth/system_auto_pc_0.v:58]
Finished RTL Elaboration : Time (s): cpu = 00:00:40 ; elapsed = 00:00:48 . Memory (MB): peak = 429.789 ; gain = 218.934
Finished RTL Optimization Phase 1 : Time (s): cpu = 00:00:40 ; elapsed = 00:00:49 . Memory (MB): peak = 429.789 ; gain = 218.934
INFO: [Device 21-403] Loading part xc7z020clg484-1
Constraint Validation Runtime : Time (s): cpu = 00:00:00 ; elapsed = 00:00:00.092 . Memory (MB): peak = 679.660 ; gain = 0.098
Finished Constraint Validation : Time (s): cpu = 00:00:50 ; elapsed = 00:00:59 . Memory (MB): peak = 679.660 ; gain = 468.805
Finished Loading Part and Timing Information : Time (s): cpu = 00:00:50 ; elapsed = 00:00:59 . Memory (MB): peak = 679.660 ; gain = 468.805
Finished applying 'set_property' XDC Constraints : Time (s): cpu = 00:00:50 ; elapsed = 00:00:59 . Memory (MB): peak = 679.660 ; gain = 468.805
Finished RTL Optimization Phase 2 : Time (s): cpu = 00:00:50 ; elapsed = 00:01:00 . Memory (MB): peak = 679.660 ; gain = 468.805
Finished Cross Boundary and Area Optimization : Time (s): cpu = 00:00:53 ; elapsed = 00:01:02 . Memory (MB): peak = 679.660 ; gain = 468.805
Finished Applying XDC Timing Constraints : Time (s): cpu = 00:01:03 ; elapsed = 00:01:12 . Memory (MB): peak = 679.660 ; gain = 468.805
Finished Timing Optimization : Time (s): cpu = 00:01:04 ; elapsed = 00:01:14 . Memory (MB): peak = 684.547 ; gain = 473.691
Finished Technology Mapping : Time (s): cpu = 00:01:05 ; elapsed = 00:01:14 . Memory (MB): peak = 689.289 ; gain = 478.434
Finished IO Insertion : Time (s): cpu = 00:01:05 ; elapsed = 00:01:15 . Memory (MB): peak = 689.289 ; gain = 478.434
Finished Renaming Generated Instances : Time (s): cpu = 00:01:05 ; elapsed = 00:01:15 . Memory (MB): peak = 689.289 ; gain = 478.434
Finished Rebuilding User Hierarchy : Time (s): cpu = 00:01:05 ; elapsed = 00:01:15 . Memory (MB): peak = 689.289 ; gain = 478.434
Finished Renaming Generated Ports : Time (s): cpu = 00:01:05 ; elapsed = 00:01:15 . Memory (MB): peak = 689.289 ; gain = 478.434
Finished Handling Custom Attributes : Time (s): cpu = 00:01:06 ; elapsed = 00:01:15 . Memory (MB): peak = 689.289 ; gain = 478.434
Finished Renaming Generated Nets : Time (s): cpu = 00:01:06 ; elapsed = 00:01:15 . Memory (MB): peak = 689.289 ; gain = 478.434

Report Cell Usage: 
+------+--------+------+
|      |Cell    |Count |
+------+--------+------+
|1     |CARRY4  |    18|
|2     |LUT1    |    38|
|3     |LUT2    |    18|
|4     |LUT3    |   235|
|5     |LUT4    |    41|
|6     |LUT5    |    70|
|7     |LUT6    |   106|
|8     |SRL16E  |    18|
|9     |SRLC32E |    47|
|10    |FDRE    |   548|
|11    |FDSE    |    51|
+------+--------+------+
Finished Writing Synthesis Report : Time (s): cpu = 00:01:06 ; elapsed = 00:01:15 . Memory (MB): peak = 689.289 ; gain = 478.434
synth_design: Time (s): cpu = 00:01:04 ; elapsed = 00:01:06 . Memory (MB): peak = 696.676 ; gain = 465.051
