#-----------------------------------------------------------
# Vivado v2016.4 (64-bit)
# SW Build 1733598 on Wed Dec 14 22:35:39 MST 2016
# IP Build 1731160 on Wed Dec 14 23:47:21 MST 2016
# Start of session at: Fri Aug 10 23:12:05 2018
# Process ID: 7444
# Current directory: C:/Users/wuyanwen/Desktop/ps_pl5/ps_pl/hw_proj/project
# Command line: vivado.exe -gui_launcher_event rodinguilauncherevent10844 C:\Users\wuyanwen\Desktop\ps_pl5\ps_pl\hw_proj\project\project.xpr
# Log file: C:/Users/wuyanwen/Desktop/ps_pl5/ps_pl/hw_proj/project/vivado.log
# Journal file: C:/Users/wuyanwen/Desktop/ps_pl5/ps_pl/hw_proj/project\vivado.jou
#-----------------------------------------------------------
start_gui
open_project C:/Users/wuyanwen/Desktop/ps_pl5/ps_pl/hw_proj/project/project.xpr
Scanning sources...
Finished scanning sources
INFO: [IP_Flow 19-234] Refreshing IP repositories
INFO: [IP_Flow 19-1700] Loaded user IP repository 'c:/Users/wuyanwen/Desktop/ps_pl5/ps_pl/hw_proj/ip_repo/myip_3.0'.
INFO: [IP_Flow 19-1700] Loaded user IP repository 'c:/Users/wuyanwen/Desktop/ps_pl5/ps_pl/hw_proj/ip_repo/myip_2.0'.
INFO: [IP_Flow 19-1700] Loaded user IP repository 'c:/Users/wuyanwen/Desktop/ps_pl5/ps_pl/hw_proj/ip_repo/myip_1.0'.
WARNING: [IP_Flow 19-2207] Repository 'c:/Users/wuyanwen/Desktop/ps_pl5/ps_pl/hw_proj/ip_repo/myip_1.0' already exists; ignoring attempt to add it again.
INFO: [IP_Flow 19-1700] Loaded user IP repository 'c:/Users/wuyanwen/Desktop/ps_pl5/ps_pl/hw_proj/ip_repo/myip_1.0'.
INFO: [IP_Flow 19-2313] Loaded Vivado IP repository 'D:/Xilinx/Vivado/2016.4/data/ip'.
open_project: Time (s): cpu = 00:00:16 ; elapsed = 00:00:14 . Memory (MB): peak = 754.980 ; gain = 146.984
open_bd_design {C:/Users/wuyanwen/Desktop/ps_pl5/ps_pl/hw_proj/project/project.srcs/sources_1/bd/system/system.bd}
Adding cell -- xilinx.com:ip:processing_system7:5.5 - processing_system7_0
Adding cell -- xilinx.com:ip:proc_sys_reset:5.0 - rst_ps7_0_100M
Adding cell -- xilinx.com:module_ref:myip_v1_0:1.0 - myip_v1_0_0
Adding cell -- xilinx.com:module_ref:count_top:1.0 - count_top_0
Adding cell -- xilinx.com:ip:axi_protocol_converter:2.1 - auto_pc
Successfully read diagram <system> from BD file <C:/Users/wuyanwen/Desktop/ps_pl5/ps_pl/hw_proj/project/project.srcs/sources_1/bd/system/system.bd>
open_bd_design: Time (s): cpu = 00:00:09 ; elapsed = 00:00:07 . Memory (MB): peak = 800.477 ; gain = 41.625
file mkdir C:/Users/wuyanwen/Desktop/ps_pl5/ps_pl/hw_proj/project/project.sdk
file copy -force C:/Users/wuyanwen/Desktop/ps_pl5/ps_pl/hw_proj/project/project.runs/impl_1/system_wrapper.sysdef C:/Users/wuyanwen/Desktop/ps_pl5/ps_pl/hw_proj/project/project.sdk/system_wrapper.hdf

launch_sdk -workspace C:/Users/wuyanwen/Desktop/ps_pl5/ps_pl/hw_proj/project/project.sdk -hwspec C:/Users/wuyanwen/Desktop/ps_pl5/ps_pl/hw_proj/project/project.sdk/system_wrapper.hdf
INFO: [Vivado 12-393] Launching SDK...
INFO: [Vivado 12-417] Running xsdk -workspace C:/Users/wuyanwen/Desktop/ps_pl5/ps_pl/hw_proj/project/project.sdk -hwspec C:/Users/wuyanwen/Desktop/ps_pl5/ps_pl/hw_proj/project/project.sdk/system_wrapper.hdf
INFO: [Vivado 12-3157] SDK launch initiated. Please check console for any further messages.
exit
INFO: [Common 17-206] Exiting Vivado at Fri Aug 10 23:45:29 2018...
