
*** Running vivado
    with args -log system_processing_system7_0_0.vds -m64 -product Vivado -mode batch -messageDb vivado.pb -notrace -source system_processing_system7_0_0.tcl


****** Vivado v2016.4 (64-bit)
  **** SW Build 1733598 on Wed Dec 14 22:35:39 MST 2016
  **** IP Build 1731160 on Wed Dec 14 23:47:21 MST 2016
    ** Copyright 1986-2016 Xilinx, Inc. All Rights Reserved.

source system_processing_system7_0_0.tcl -notrace
Starting RTL Elaboration : Time (s): cpu = 00:00:08 ; elapsed = 00:00:09 . Memory (MB): peak = 328.832 ; gain = 118.734
INFO: [Synth 8-638] synthesizing module 'system_processing_system7_0_0' [f:/zedboard/ps_pl/hw_proj/project/project.srcs/sources_1/bd/system/ip/system_processing_system7_0_0/synth/system_processing_system7_0_0.v:60]
INFO: [Synth 8-638] synthesizing module 'processing_system7_v5_5_processing_system7' [f:/zedboard/ps_pl/hw_proj/project/project.srcs/sources_1/bd/system/ip/system_processing_system7_0_0/hdl/verilog/processing_system7_v5_5_processing_system7.v:161]
INFO: [Synth 8-638] synthesizing module 'BUFG' [D:/Xilinx/Vivado/2016.4/scripts/rt/data/unisim_comp.v:607]
INFO: [Synth 8-256] done synthesizing module 'BUFG' (1#1) [D:/Xilinx/Vivado/2016.4/scripts/rt/data/unisim_comp.v:607]
INFO: [Synth 8-638] synthesizing module 'BIBUF' [D:/Xilinx/Vivado/2016.4/scripts/rt/data/unisim_comp.v:268]
INFO: [Synth 8-256] done synthesizing module 'BIBUF' (2#1) [D:/Xilinx/Vivado/2016.4/scripts/rt/data/unisim_comp.v:268]
INFO: [Synth 8-638] synthesizing module 'PS7' [D:/Xilinx/Vivado/2016.4/scripts/rt/data/unisim_comp.v:33182]
INFO: [Synth 8-256] done synthesizing module 'PS7' (3#1) [D:/Xilinx/Vivado/2016.4/scripts/rt/data/unisim_comp.v:33182]
INFO: [Synth 8-256] done synthesizing module 'processing_system7_v5_5_processing_system7' (4#1) [f:/zedboard/ps_pl/hw_proj/project/project.srcs/sources_1/bd/system/ip/system_processing_system7_0_0/hdl/verilog/processing_system7_v5_5_processing_system7.v:161]
INFO: [Synth 8-256] done synthesizing module 'system_processing_system7_0_0' (5#1) [f:/zedboard/ps_pl/hw_proj/project/project.srcs/sources_1/bd/system/ip/system_processing_system7_0_0/synth/system_processing_system7_0_0.v:60]
Finished RTL Elaboration : Time (s): cpu = 00:00:09 ; elapsed = 00:00:10 . Memory (MB): peak = 366.285 ; gain = 156.188
Finished RTL Optimization Phase 1 : Time (s): cpu = 00:00:09 ; elapsed = 00:00:11 . Memory (MB): peak = 366.285 ; gain = 156.188
INFO: [Device 21-403] Loading part xc7z020clg484-1
Constraint Validation Runtime : Time (s): cpu = 00:00:00 ; elapsed = 00:00:00.047 . Memory (MB): peak = 611.340 ; gain = 0.000
Finished Constraint Validation : Time (s): cpu = 00:00:21 ; elapsed = 00:00:23 . Memory (MB): peak = 611.340 ; gain = 401.242
Finished Loading Part and Timing Information : Time (s): cpu = 00:00:21 ; elapsed = 00:00:23 . Memory (MB): peak = 611.340 ; gain = 401.242
Finished applying 'set_property' XDC Constraints : Time (s): cpu = 00:00:21 ; elapsed = 00:00:23 . Memory (MB): peak = 611.340 ; gain = 401.242
Finished RTL Optimization Phase 2 : Time (s): cpu = 00:00:22 ; elapsed = 00:00:24 . Memory (MB): peak = 611.340 ; gain = 401.242
Finished Cross Boundary and Area Optimization : Time (s): cpu = 00:00:22 ; elapsed = 00:00:25 . Memory (MB): peak = 611.340 ; gain = 401.242
Finished Applying XDC Timing Constraints : Time (s): cpu = 00:00:34 ; elapsed = 00:00:36 . Memory (MB): peak = 811.805 ; gain = 601.707
Finished Timing Optimization : Time (s): cpu = 00:00:34 ; elapsed = 00:00:36 . Memory (MB): peak = 828.816 ; gain = 618.719
Finished Technology Mapping : Time (s): cpu = 00:00:35 ; elapsed = 00:00:37 . Memory (MB): peak = 833.227 ; gain = 623.129
Finished IO Insertion : Time (s): cpu = 00:00:36 ; elapsed = 00:00:39 . Memory (MB): peak = 833.227 ; gain = 623.129
Finished Renaming Generated Instances : Time (s): cpu = 00:00:36 ; elapsed = 00:00:39 . Memory (MB): peak = 833.227 ; gain = 623.129
Finished Rebuilding User Hierarchy : Time (s): cpu = 00:00:36 ; elapsed = 00:00:39 . Memory (MB): peak = 833.227 ; gain = 623.129
Finished Renaming Generated Ports : Time (s): cpu = 00:00:36 ; elapsed = 00:00:39 . Memory (MB): peak = 833.227 ; gain = 623.129
Finished Handling Custom Attributes : Time (s): cpu = 00:00:37 ; elapsed = 00:00:39 . Memory (MB): peak = 833.227 ; gain = 623.129
Finished Renaming Generated Nets : Time (s): cpu = 00:00:37 ; elapsed = 00:00:39 . Memory (MB): peak = 833.227 ; gain = 623.129

Report Cell Usage: 
+------+------+------+
|      |Cell  |Count |
+------+------+------+
|1     |BIBUF |   130|
|2     |BUFG  |     1|
|3     |LUT1  |   112|
|4     |PS7   |     1|
+------+------+------+
Finished Writing Synthesis Report : Time (s): cpu = 00:00:37 ; elapsed = 00:00:39 . Memory (MB): peak = 833.227 ; gain = 623.129
synth_design: Time (s): cpu = 00:00:36 ; elapsed = 00:00:37 . Memory (MB): peak = 855.594 ; gain = 605.469
