
*** Running vivado
    with args -log system_auto_pc_0.vds -m64 -product Vivado -mode batch -messageDb vivado.pb -notrace -source system_auto_pc_0.tcl


****** Vivado v2016.4 (64-bit)
  **** SW Build 1733598 on Wed Dec 14 22:35:39 MST 2016
  **** IP Build 1731160 on Wed Dec 14 23:47:21 MST 2016
    ** Copyright 1986-2016 Xilinx, Inc. All Rights Reserved.

source system_auto_pc_0.tcl -notrace
Starting RTL Elaboration : Time (s): cpu = 00:00:12 ; elapsed = 00:00:14 . Memory (MB): peak = 322.930 ; gain = 112.527
INFO: [Synth 8-638] synthesizing module 'system_auto_pc_0' [f:/zedboard/ps_pl/hw_proj/project/project.srcs/sources_1/bd/system/ip/system_auto_pc_0/synth/system_auto_pc_0.v:58]
INFO: [Synth 8-638] synthesizing module 'axi_protocol_converter_v2_1_11_axi_protocol_converter' [f:/zedboard/ps_pl/hw_proj/project/project.srcs/sources_1/bd/system/ipshared/df1b/hdl/axi_protocol_converter_v2_1_vl_rfs.v:4806]
INFO: [Synth 8-638] synthesizing module 'axi_protocol_converter_v2_1_11_b2s' [f:/zedboard/ps_pl/hw_proj/project/project.srcs/sources_1/bd/system/ipshared/df1b/hdl/axi_protocol_converter_v2_1_vl_rfs.v:4224]
INFO: [Synth 8-638] synthesizing module 'axi_protocol_converter_v2_1_11_b2s_aw_channel' [f:/zedboard/ps_pl/hw_proj/project/project.srcs/sources_1/bd/system/ipshared/df1b/hdl/axi_protocol_converter_v2_1_vl_rfs.v:3969]
INFO: [Synth 8-638] synthesizing module 'axi_protocol_converter_v2_1_11_b2s_cmd_translator' [f:/zedboard/ps_pl/hw_proj/project/project.srcs/sources_1/bd/system/ipshared/df1b/hdl/axi_protocol_converter_v2_1_vl_rfs.v:3467]
INFO: [Synth 8-638] synthesizing module 'axi_protocol_converter_v2_1_11_b2s_incr_cmd' [f:/zedboard/ps_pl/hw_proj/project/project.srcs/sources_1/bd/system/ipshared/df1b/hdl/axi_protocol_converter_v2_1_vl_rfs.v:3093]
INFO: [Synth 8-256] done synthesizing module 'axi_protocol_converter_v2_1_11_b2s_incr_cmd' (1#1) [f:/zedboard/ps_pl/hw_proj/project/project.srcs/sources_1/bd/system/ipshared/df1b/hdl/axi_protocol_converter_v2_1_vl_rfs.v:3093]
INFO: [Synth 8-638] synthesizing module 'axi_protocol_converter_v2_1_11_b2s_wrap_cmd' [f:/zedboard/ps_pl/hw_proj/project/project.srcs/sources_1/bd/system/ipshared/df1b/hdl/axi_protocol_converter_v2_1_vl_rfs.v:2903]
INFO: [Synth 8-256] done synthesizing module 'axi_protocol_converter_v2_1_11_b2s_wrap_cmd' (2#1) [f:/zedboard/ps_pl/hw_proj/project/project.srcs/sources_1/bd/system/ipshared/df1b/hdl/axi_protocol_converter_v2_1_vl_rfs.v:2903]
INFO: [Synth 8-256] done synthesizing module 'axi_protocol_converter_v2_1_11_b2s_cmd_translator' (3#1) [f:/zedboard/ps_pl/hw_proj/project/project.srcs/sources_1/bd/system/ipshared/df1b/hdl/axi_protocol_converter_v2_1_vl_rfs.v:3467]
INFO: [Synth 8-638] synthesizing module 'axi_protocol_converter_v2_1_11_b2s_wr_cmd_fsm' [f:/zedboard/ps_pl/hw_proj/project/project.srcs/sources_1/bd/system/ipshared/df1b/hdl/axi_protocol_converter_v2_1_vl_rfs.v:3225]
INFO: [Synth 8-256] done synthesizing module 'axi_protocol_converter_v2_1_11_b2s_wr_cmd_fsm' (4#1) [f:/zedboard/ps_pl/hw_proj/project/project.srcs/sources_1/bd/system/ipshared/df1b/hdl/axi_protocol_converter_v2_1_vl_rfs.v:3225]
INFO: [Synth 8-256] done synthesizing module 'axi_protocol_converter_v2_1_11_b2s_aw_channel' (5#1) [f:/zedboard/ps_pl/hw_proj/project/project.srcs/sources_1/bd/system/ipshared/df1b/hdl/axi_protocol_converter_v2_1_vl_rfs.v:3969]
INFO: [Synth 8-638] synthesizing module 'axi_protocol_converter_v2_1_11_b2s_b_channel' [f:/zedboard/ps_pl/hw_proj/project/project.srcs/sources_1/bd/system/ipshared/df1b/hdl/axi_protocol_converter_v2_1_vl_rfs.v:3609]
INFO: [Synth 8-638] synthesizing module 'axi_protocol_converter_v2_1_11_b2s_simple_fifo' [f:/zedboard/ps_pl/hw_proj/project/project.srcs/sources_1/bd/system/ipshared/df1b/hdl/axi_protocol_converter_v2_1_vl_rfs.v:2816]
INFO: [Synth 8-256] done synthesizing module 'axi_protocol_converter_v2_1_11_b2s_simple_fifo' (6#1) [f:/zedboard/ps_pl/hw_proj/project/project.srcs/sources_1/bd/system/ipshared/df1b/hdl/axi_protocol_converter_v2_1_vl_rfs.v:2816]
INFO: [Synth 8-638] synthesizing module 'axi_protocol_converter_v2_1_11_b2s_simple_fifo__parameterized0' [f:/zedboard/ps_pl/hw_proj/project/project.srcs/sources_1/bd/system/ipshared/df1b/hdl/axi_protocol_converter_v2_1_vl_rfs.v:2816]
INFO: [Synth 8-256] done synthesizing module 'axi_protocol_converter_v2_1_11_b2s_simple_fifo__parameterized0' (6#1) [f:/zedboard/ps_pl/hw_proj/project/project.srcs/sources_1/bd/system/ipshared/df1b/hdl/axi_protocol_converter_v2_1_vl_rfs.v:2816]
INFO: [Synth 8-256] done synthesizing module 'axi_protocol_converter_v2_1_11_b2s_b_channel' (7#1) [f:/zedboard/ps_pl/hw_proj/project/project.srcs/sources_1/bd/system/ipshared/df1b/hdl/axi_protocol_converter_v2_1_vl_rfs.v:3609]
INFO: [Synth 8-638] synthesizing module 'axi_protocol_converter_v2_1_11_b2s_ar_channel' [f:/zedboard/ps_pl/hw_proj/project/project.srcs/sources_1/bd/system/ipshared/df1b/hdl/axi_protocol_converter_v2_1_vl_rfs.v:4080]
INFO: [Synth 8-638] synthesizing module 'axi_protocol_converter_v2_1_11_b2s_rd_cmd_fsm' [f:/zedboard/ps_pl/hw_proj/project/project.srcs/sources_1/bd/system/ipshared/df1b/hdl/axi_protocol_converter_v2_1_vl_rfs.v:3336]
INFO: [Synth 8-256] done synthesizing module 'axi_protocol_converter_v2_1_11_b2s_rd_cmd_fsm' (8#1) [f:/zedboard/ps_pl/hw_proj/project/project.srcs/sources_1/bd/system/ipshared/df1b/hdl/axi_protocol_converter_v2_1_vl_rfs.v:3336]
INFO: [Synth 8-256] done synthesizing module 'axi_protocol_converter_v2_1_11_b2s_ar_channel' (9#1) [f:/zedboard/ps_pl/hw_proj/project/project.srcs/sources_1/bd/system/ipshared/df1b/hdl/axi_protocol_converter_v2_1_vl_rfs.v:4080]
INFO: [Synth 8-638] synthesizing module 'axi_protocol_converter_v2_1_11_b2s_r_channel' [f:/zedboard/ps_pl/hw_proj/project/project.srcs/sources_1/bd/system/ipshared/df1b/hdl/axi_protocol_converter_v2_1_vl_rfs.v:3809]
INFO: [Synth 8-638] synthesizing module 'axi_protocol_converter_v2_1_11_b2s_simple_fifo__parameterized1' [f:/zedboard/ps_pl/hw_proj/project/project.srcs/sources_1/bd/system/ipshared/df1b/hdl/axi_protocol_converter_v2_1_vl_rfs.v:2816]
INFO: [Synth 8-256] done synthesizing module 'axi_protocol_converter_v2_1_11_b2s_simple_fifo__parameterized1' (9#1) [f:/zedboard/ps_pl/hw_proj/project/project.srcs/sources_1/bd/system/ipshared/df1b/hdl/axi_protocol_converter_v2_1_vl_rfs.v:2816]
INFO: [Synth 8-638] synthesizing module 'axi_protocol_converter_v2_1_11_b2s_simple_fifo__parameterized2' [f:/zedboard/ps_pl/hw_proj/project/project.srcs/sources_1/bd/system/ipshared/df1b/hdl/axi_protocol_converter_v2_1_vl_rfs.v:2816]
INFO: [Synth 8-256] done synthesizing module 'axi_protocol_converter_v2_1_11_b2s_simple_fifo__parameterized2' (9#1) [f:/zedboard/ps_pl/hw_proj/project/project.srcs/sources_1/bd/system/ipshared/df1b/hdl/axi_protocol_converter_v2_1_vl_rfs.v:2816]
INFO: [Synth 8-256] done synthesizing module 'axi_protocol_converter_v2_1_11_b2s_r_channel' (10#1) [f:/zedboard/ps_pl/hw_proj/project/project.srcs/sources_1/bd/system/ipshared/df1b/hdl/axi_protocol_converter_v2_1_vl_rfs.v:3809]
INFO: [Synth 8-638] synthesizing module 'axi_register_slice_v2_1_11_axi_register_slice' [f:/zedboard/ps_pl/hw_proj/project/project.srcs/sources_1/bd/system/ipshared/0b6b/hdl/axi_register_slice_v2_1_vl_rfs.v:791]
INFO: [Synth 8-638] synthesizing module 'axi_infrastructure_v1_1_0_axi2vector' [f:/zedboard/ps_pl/hw_proj/project/project.srcs/sources_1/bd/system/ipshared/7e3a/hdl/axi_infrastructure_v1_1_vl_rfs.v:60]
INFO: [Synth 8-256] done synthesizing module 'axi_infrastructure_v1_1_0_axi2vector' (11#1) [f:/zedboard/ps_pl/hw_proj/project/project.srcs/sources_1/bd/system/ipshared/7e3a/hdl/axi_infrastructure_v1_1_vl_rfs.v:60]
INFO: [Synth 8-638] synthesizing module 'axi_register_slice_v2_1_11_axic_register_slice' [f:/zedboard/ps_pl/hw_proj/project/project.srcs/sources_1/bd/system/ipshared/0b6b/hdl/axi_register_slice_v2_1_vl_rfs.v:85]
INFO: [Synth 8-256] done synthesizing module 'axi_register_slice_v2_1_11_axic_register_slice' (12#1) [f:/zedboard/ps_pl/hw_proj/project/project.srcs/sources_1/bd/system/ipshared/0b6b/hdl/axi_register_slice_v2_1_vl_rfs.v:85]
INFO: [Synth 8-638] synthesizing module 'axi_register_slice_v2_1_11_axic_register_slice__parameterized0' [f:/zedboard/ps_pl/hw_proj/project/project.srcs/sources_1/bd/system/ipshared/0b6b/hdl/axi_register_slice_v2_1_vl_rfs.v:85]
INFO: [Synth 8-256] done synthesizing module 'axi_register_slice_v2_1_11_axic_register_slice__parameterized0' (12#1) [f:/zedboard/ps_pl/hw_proj/project/project.srcs/sources_1/bd/system/ipshared/0b6b/hdl/axi_register_slice_v2_1_vl_rfs.v:85]
INFO: [Synth 8-638] synthesizing module 'axi_register_slice_v2_1_11_axic_register_slice__parameterized1' [f:/zedboard/ps_pl/hw_proj/project/project.srcs/sources_1/bd/system/ipshared/0b6b/hdl/axi_register_slice_v2_1_vl_rfs.v:85]
INFO: [Synth 8-256] done synthesizing module 'axi_register_slice_v2_1_11_axic_register_slice__parameterized1' (12#1) [f:/zedboard/ps_pl/hw_proj/project/project.srcs/sources_1/bd/system/ipshared/0b6b/hdl/axi_register_slice_v2_1_vl_rfs.v:85]
INFO: [Synth 8-638] synthesizing module 'axi_register_slice_v2_1_11_axic_register_slice__parameterized2' [f:/zedboard/ps_pl/hw_proj/project/project.srcs/sources_1/bd/system/ipshared/0b6b/hdl/axi_register_slice_v2_1_vl_rfs.v:85]
INFO: [Synth 8-256] done synthesizing module 'axi_register_slice_v2_1_11_axic_register_slice__parameterized2' (12#1) [f:/zedboard/ps_pl/hw_proj/project/project.srcs/sources_1/bd/system/ipshared/0b6b/hdl/axi_register_slice_v2_1_vl_rfs.v:85]
INFO: [Synth 8-638] synthesizing module 'axi_infrastructure_v1_1_0_vector2axi' [f:/zedboard/ps_pl/hw_proj/project/project.srcs/sources_1/bd/system/ipshared/7e3a/hdl/axi_infrastructure_v1_1_vl_rfs.v:474]
INFO: [Synth 8-256] done synthesizing module 'axi_infrastructure_v1_1_0_vector2axi' (13#1) [f:/zedboard/ps_pl/hw_proj/project/project.srcs/sources_1/bd/system/ipshared/7e3a/hdl/axi_infrastructure_v1_1_vl_rfs.v:474]
INFO: [Synth 8-256] done synthesizing module 'axi_register_slice_v2_1_11_axi_register_slice' (14#1) [f:/zedboard/ps_pl/hw_proj/project/project.srcs/sources_1/bd/system/ipshared/0b6b/hdl/axi_register_slice_v2_1_vl_rfs.v:791]
INFO: [Synth 8-638] synthesizing module 'axi_register_slice_v2_1_11_axi_register_slice__parameterized0' [f:/zedboard/ps_pl/hw_proj/project/project.srcs/sources_1/bd/system/ipshared/0b6b/hdl/axi_register_slice_v2_1_vl_rfs.v:791]
INFO: [Synth 8-638] synthesizing module 'axi_infrastructure_v1_1_0_axi2vector__parameterized0' [f:/zedboard/ps_pl/hw_proj/project/project.srcs/sources_1/bd/system/ipshared/7e3a/hdl/axi_infrastructure_v1_1_vl_rfs.v:60]
INFO: [Synth 8-256] done synthesizing module 'axi_infrastructure_v1_1_0_axi2vector__parameterized0' (14#1) [f:/zedboard/ps_pl/hw_proj/project/project.srcs/sources_1/bd/system/ipshared/7e3a/hdl/axi_infrastructure_v1_1_vl_rfs.v:60]
INFO: [Synth 8-638] synthesizing module 'axi_register_slice_v2_1_11_axic_register_slice__parameterized3' [f:/zedboard/ps_pl/hw_proj/project/project.srcs/sources_1/bd/system/ipshared/0b6b/hdl/axi_register_slice_v2_1_vl_rfs.v:85]
INFO: [Synth 8-256] done synthesizing module 'axi_register_slice_v2_1_11_axic_register_slice__parameterized3' (14#1) [f:/zedboard/ps_pl/hw_proj/project/project.srcs/sources_1/bd/system/ipshared/0b6b/hdl/axi_register_slice_v2_1_vl_rfs.v:85]
INFO: [Synth 8-638] synthesizing module 'axi_register_slice_v2_1_11_axic_register_slice__parameterized4' [f:/zedboard/ps_pl/hw_proj/project/project.srcs/sources_1/bd/system/ipshared/0b6b/hdl/axi_register_slice_v2_1_vl_rfs.v:85]
INFO: [Synth 8-256] done synthesizing module 'axi_register_slice_v2_1_11_axic_register_slice__parameterized4' (14#1) [f:/zedboard/ps_pl/hw_proj/project/project.srcs/sources_1/bd/system/ipshared/0b6b/hdl/axi_register_slice_v2_1_vl_rfs.v:85]
INFO: [Synth 8-638] synthesizing module 'axi_register_slice_v2_1_11_axic_register_slice__parameterized5' [f:/zedboard/ps_pl/hw_proj/project/project.srcs/sources_1/bd/system/ipshared/0b6b/hdl/axi_register_slice_v2_1_vl_rfs.v:85]
INFO: [Synth 8-256] done synthesizing module 'axi_register_slice_v2_1_11_axic_register_slice__parameterized5' (14#1) [f:/zedboard/ps_pl/hw_proj/project/project.srcs/sources_1/bd/system/ipshared/0b6b/hdl/axi_register_slice_v2_1_vl_rfs.v:85]
INFO: [Synth 8-638] synthesizing module 'axi_register_slice_v2_1_11_axic_register_slice__parameterized6' [f:/zedboard/ps_pl/hw_proj/project/project.srcs/sources_1/bd/system/ipshared/0b6b/hdl/axi_register_slice_v2_1_vl_rfs.v:85]
INFO: [Synth 8-256] done synthesizing module 'axi_register_slice_v2_1_11_axic_register_slice__parameterized6' (14#1) [f:/zedboard/ps_pl/hw_proj/project/project.srcs/sources_1/bd/system/ipshared/0b6b/hdl/axi_register_slice_v2_1_vl_rfs.v:85]
INFO: [Synth 8-638] synthesizing module 'axi_register_slice_v2_1_11_axic_register_slice__parameterized7' [f:/zedboard/ps_pl/hw_proj/project/project.srcs/sources_1/bd/system/ipshared/0b6b/hdl/axi_register_slice_v2_1_vl_rfs.v:85]
INFO: [Synth 8-256] done synthesizing module 'axi_register_slice_v2_1_11_axic_register_slice__parameterized7' (14#1) [f:/zedboard/ps_pl/hw_proj/project/project.srcs/sources_1/bd/system/ipshared/0b6b/hdl/axi_register_slice_v2_1_vl_rfs.v:85]
INFO: [Synth 8-638] synthesizing module 'axi_infrastructure_v1_1_0_vector2axi__parameterized0' [f:/zedboard/ps_pl/hw_proj/project/project.srcs/sources_1/bd/system/ipshared/7e3a/hdl/axi_infrastructure_v1_1_vl_rfs.v:474]
INFO: [Synth 8-256] done synthesizing module 'axi_infrastructure_v1_1_0_vector2axi__parameterized0' (14#1) [f:/zedboard/ps_pl/hw_proj/project/project.srcs/sources_1/bd/system/ipshared/7e3a/hdl/axi_infrastructure_v1_1_vl_rfs.v:474]
INFO: [Synth 8-256] done synthesizing module 'axi_register_slice_v2_1_11_axi_register_slice__parameterized0' (14#1) [f:/zedboard/ps_pl/hw_proj/project/project.srcs/sources_1/bd/system/ipshared/0b6b/hdl/axi_register_slice_v2_1_vl_rfs.v:791]
INFO: [Synth 8-256] done synthesizing module 'axi_protocol_converter_v2_1_11_b2s' (15#1) [f:/zedboard/ps_pl/hw_proj/project/project.srcs/sources_1/bd/system/ipshared/df1b/hdl/axi_protocol_converter_v2_1_vl_rfs.v:4224]
INFO: [Synth 8-256] done synthesizing module 'axi_protocol_converter_v2_1_11_axi_protocol_converter' (16#1) [f:/zedboard/ps_pl/hw_proj/project/project.srcs/sources_1/bd/system/ipshared/df1b/hdl/axi_protocol_converter_v2_1_vl_rfs.v:4806]
INFO: [Synth 8-256] done synthesizing module 'system_auto_pc_0' (17#1) [f:/zedboard/ps_pl/hw_proj/project/project.srcs/sources_1/bd/system/ip/system_auto_pc_0/synth/system_auto_pc_0.v:58]
Finished RTL Elaboration : Time (s): cpu = 00:00:47 ; elapsed = 00:00:49 . Memory (MB): peak = 438.422 ; gain = 228.020
Finished RTL Optimization Phase 1 : Time (s): cpu = 00:00:47 ; elapsed = 00:00:49 . Memory (MB): peak = 438.422 ; gain = 228.020
INFO: [Device 21-403] Loading part xc7z020clg484-1
Constraint Validation Runtime : Time (s): cpu = 00:00:00 ; elapsed = 00:00:00.078 . Memory (MB): peak = 691.133 ; gain = 0.160
Finished Constraint Validation : Time (s): cpu = 00:00:58 ; elapsed = 00:01:00 . Memory (MB): peak = 691.133 ; gain = 480.730
Finished Loading Part and Timing Information : Time (s): cpu = 00:00:58 ; elapsed = 00:01:00 . Memory (MB): peak = 691.133 ; gain = 480.730
Finished applying 'set_property' XDC Constraints : Time (s): cpu = 00:00:58 ; elapsed = 00:01:00 . Memory (MB): peak = 691.133 ; gain = 480.730
Finished RTL Optimization Phase 2 : Time (s): cpu = 00:00:58 ; elapsed = 00:01:01 . Memory (MB): peak = 691.133 ; gain = 480.730
Finished Cross Boundary and Area Optimization : Time (s): cpu = 00:01:01 ; elapsed = 00:01:04 . Memory (MB): peak = 691.133 ; gain = 480.730
Finished Applying XDC Timing Constraints : Time (s): cpu = 00:01:12 ; elapsed = 00:01:15 . Memory (MB): peak = 691.133 ; gain = 480.730
Finished Timing Optimization : Time (s): cpu = 00:01:14 ; elapsed = 00:01:17 . Memory (MB): peak = 696.391 ; gain = 485.988
Finished Technology Mapping : Time (s): cpu = 00:01:15 ; elapsed = 00:01:18 . Memory (MB): peak = 701.672 ; gain = 491.270
Finished IO Insertion : Time (s): cpu = 00:01:16 ; elapsed = 00:01:18 . Memory (MB): peak = 701.672 ; gain = 491.270
Finished Renaming Generated Instances : Time (s): cpu = 00:01:16 ; elapsed = 00:01:18 . Memory (MB): peak = 701.672 ; gain = 491.270
Finished Rebuilding User Hierarchy : Time (s): cpu = 00:01:16 ; elapsed = 00:01:19 . Memory (MB): peak = 701.672 ; gain = 491.270
Finished Renaming Generated Ports : Time (s): cpu = 00:01:16 ; elapsed = 00:01:19 . Memory (MB): peak = 701.672 ; gain = 491.270
Finished Handling Custom Attributes : Time (s): cpu = 00:01:16 ; elapsed = 00:01:19 . Memory (MB): peak = 701.672 ; gain = 491.270
Finished Renaming Generated Nets : Time (s): cpu = 00:01:16 ; elapsed = 00:01:19 . Memory (MB): peak = 701.672 ; gain = 491.270

Report Cell Usage: 
+------+--------+------+
|      |Cell    |Count |
+------+--------+------+
|1     |CARRY4  |    18|
|2     |LUT1    |    38|
|3     |LUT2    |    18|
|4     |LUT3    |   235|
|5     |LUT4    |    41|
|6     |LUT5    |    70|
|7     |LUT6    |   106|
|8     |SRL16E  |    18|
|9     |SRLC32E |    47|
|10    |FDRE    |   548|
|11    |FDSE    |    51|
+------+--------+------+
Finished Writing Synthesis Report : Time (s): cpu = 00:01:16 ; elapsed = 00:01:19 . Memory (MB): peak = 701.672 ; gain = 491.270
synth_design: Time (s): cpu = 00:01:13 ; elapsed = 00:01:15 . Memory (MB): peak = 709.250 ; gain = 469.375
