Copyright 1986-2016 Xilinx, Inc. All Rights Reserved.
-------------------------------------------------------------------------------------------
| Tool Version : Vivado v.2016.4_sdx (win64) Build 1806307 Thu Mar  9 15:24:31 MST 2017
| Date         : Sat Aug 11 17:35:55 2018
| Host         : jmcui-PC running 64-bit Service Pack 1  (build 7601)
| Command      : report_control_sets -verbose -file system_wrapper_control_sets_placed.rpt
| Design       : system_wrapper
| Device       : xc7z020
-------------------------------------------------------------------------------------------

Control Set Information

Table of Contents
-----------------
1. Summary
2. Flip-Flop Distribution
3. Detailed Control Set Information

1. Summary
----------

+----------------------------------------------------------+-------+
|                          Status                          | Count |
+----------------------------------------------------------+-------+
| Number of unique control sets                            |    40 |
| Unused register locations in slices containing registers |    93 |
+----------------------------------------------------------+-------+


2. Flip-Flop Distribution
-------------------------

+--------------+-----------------------+------------------------+-----------------+--------------+
| Clock Enable | Synchronous Set/Reset | Asynchronous Set/Reset | Total Registers | Total Slices |
+--------------+-----------------------+------------------------+-----------------+--------------+
| No           | No                    | No                     |             104 |           32 |
| No           | No                    | Yes                    |              16 |            5 |
| No           | Yes                   | No                     |              78 |           23 |
| Yes          | No                    | No                     |             270 |           60 |
| Yes          | No                    | Yes                    |              16 |            4 |
| Yes          | Yes                   | No                     |             119 |           26 |
+--------------+-----------------------+------------------------+-----------------+--------------+


3. Detailed Control Set Information
-----------------------------------

+-----------------------------------------------+-------------------------------------------------------------------------------------------------------------------------------------------------------------+----------------------------------------------------------------------------------------------------------------------------------------+------------------+----------------+
|                  Clock Signal                 |                                                                        Enable Signal                                                                        |                                                            Set/Reset Signal                                                            | Slice Load Count | Bel Load Count |
+-----------------------------------------------+-------------------------------------------------------------------------------------------------------------------------------------------------------------+----------------------------------------------------------------------------------------------------------------------------------------+------------------+----------------+
|  system_i/processing_system7_0/inst/FCLK_CLK0 | system_i/ps7_0_axi_periph/s00_couplers/auto_pc/inst/gen_axilite.gen_b2s_conv.axilite_b2s/WR.b_channel_0/bid_fifo_0/bresp_push                               |                                                                                                                                        |                1 |              2 |
|  system_i/processing_system7_0/inst/FCLK_CLK0 | system_i/ps7_0_axi_periph/s00_couplers/auto_pc/inst/gen_axilite.gen_b2s_conv.axilite_b2s/WR.aw_channel_0/aw_cmd_fsm_0/wrap_boundary_axaddr_r_reg[0][0]      |                                                                                                                                        |                3 |              4 |
|  system_i/processing_system7_0/inst/FCLK_CLK0 | system_i/ps7_0_axi_periph/s00_couplers/auto_pc/inst/gen_axilite.gen_b2s_conv.axilite_b2s/WR.aw_channel_0/aw_cmd_fsm_0/E[0]                                  | system_i/ps7_0_axi_periph/s00_couplers/auto_pc/inst/gen_axilite.gen_b2s_conv.axilite_b2s/WR.aw_channel_0/aw_cmd_fsm_0/axlen_cnt_reg[7] |                1 |              4 |
|  system_i/processing_system7_0/inst/FCLK_CLK0 |                                                                                                                                                             | system_i/rst_ps7_0_100M/U0/EXT_LPF/lpf_int                                                                                             |                3 |              4 |
|  system_i/processing_system7_0/inst/FCLK_CLK0 |                                                                                                                                                             | system_i/ps7_0_axi_periph/s00_couplers/auto_pc/inst/gen_axilite.gen_b2s_conv.axilite_b2s/SI_REG/ar_pipe/m_valid_i_reg_0                |                2 |              4 |
|  system_i/processing_system7_0/inst/FCLK_CLK0 |                                                                                                                                                             | system_i/ps7_0_axi_periph/s00_couplers/auto_pc/inst/gen_axilite.gen_b2s_conv.axilite_b2s/SI_REG/aw_pipe/s_ready_i_reg_0                |                3 |              4 |
|  system_i/processing_system7_0/inst/FCLK_CLK0 | system_i/ps7_0_axi_periph/s00_couplers/auto_pc/inst/gen_axilite.gen_b2s_conv.axilite_b2s/RD.ar_channel_0/ar_cmd_fsm_0/E[0]                                  |                                                                                                                                        |                3 |              4 |
|  system_i/processing_system7_0/inst/FCLK_CLK0 | system_i/ps7_0_axi_periph/s00_couplers/auto_pc/inst/gen_axilite.gen_b2s_conv.axilite_b2s/RD.ar_channel_0/ar_cmd_fsm_0/axlen_cnt_reg[3][0]                   | system_i/ps7_0_axi_periph/s00_couplers/auto_pc/inst/gen_axilite.gen_b2s_conv.axilite_b2s/RD.ar_channel_0/ar_cmd_fsm_0/axlen_cnt_reg[7] |                1 |              4 |
|  system_i/processing_system7_0/inst/FCLK_CLK0 | system_i/ps7_0_axi_periph/s00_couplers/auto_pc/inst/gen_axilite.gen_b2s_conv.axilite_b2s/RD.ar_channel_0/ar_cmd_fsm_0/axaddr_incr_reg[11]                   |                                                                                                                                        |                1 |              4 |
|  system_i/processing_system7_0/inst/FCLK_CLK0 | system_i/ps7_0_axi_periph/s00_couplers/auto_pc/inst/gen_axilite.gen_b2s_conv.axilite_b2s/WR.aw_channel_0/cmd_translator_0/incr_cmd_0/axaddr_incr[0]_i_1_n_0 |                                                                                                                                        |                1 |              4 |
|  system_i/processing_system7_0/inst/FCLK_CLK0 | system_i/rst_ps7_0_100M/U0/SEQ/seq_cnt_en                                                                                                                   | system_i/rst_ps7_0_100M/U0/SEQ/SEQ_COUNTER/clear                                                                                       |                1 |              6 |
|  system_i/processing_system7_0/inst/FCLK_CLK0 | system_i/count_top_0/inst/counter/COUNT[7]_i_1_n_0                                                                                                          | system_i/count_top_0/inst/counter/AR[0]                                                                                                |                2 |              8 |
|  system_i/processing_system7_0/inst/FCLK_CLK0 | system_i/count_top_0/inst/clk_div_33k/E[0]                                                                                                                  | system_i/count_top_0/inst/counter/AR[0]                                                                                                |                2 |              8 |
|  system_i/processing_system7_0/inst/FCLK_CLK0 | system_i/myip_v1_0_0/inst/myip_v1_0_S_AXI_inst/p_1_in[23]                                                                                                   | system_i/myip_v1_0_0/inst/myip_v1_0_S_AXI_inst/slv_reg2[0]_i_1_n_0                                                                     |                1 |              8 |
|  system_i/processing_system7_0/inst/FCLK_CLK0 | system_i/myip_v1_0_0/inst/myip_v1_0_S_AXI_inst/slv_reg3[15]_i_1_n_0                                                                                         | system_i/myip_v1_0_0/inst/myip_v1_0_S_AXI_inst/slv_reg2[0]_i_1_n_0                                                                     |                1 |              8 |
|  system_i/processing_system7_0/inst/FCLK_CLK0 | system_i/myip_v1_0_0/inst/myip_v1_0_S_AXI_inst/slv_reg3[23]_i_1_n_0                                                                                         | system_i/myip_v1_0_0/inst/myip_v1_0_S_AXI_inst/slv_reg2[0]_i_1_n_0                                                                     |                1 |              8 |
|  system_i/processing_system7_0/inst/FCLK_CLK0 | system_i/myip_v1_0_0/inst/myip_v1_0_S_AXI_inst/slv_reg3[31]_i_1_n_0                                                                                         | system_i/myip_v1_0_0/inst/myip_v1_0_S_AXI_inst/slv_reg2[0]_i_1_n_0                                                                     |                1 |              8 |
|  system_i/processing_system7_0/inst/FCLK_CLK0 | system_i/ps7_0_axi_periph/s00_couplers/auto_pc/inst/gen_axilite.gen_b2s_conv.axilite_b2s/WR.b_channel_0/mhandshake_r                                        | system_i/ps7_0_axi_periph/s00_couplers/auto_pc/inst/gen_axilite.gen_b2s_conv.axilite_b2s/WR.b_channel_0/bid_fifo_0/SR[0]               |                3 |              8 |
|  system_i/processing_system7_0/inst/FCLK_CLK0 | system_i/myip_v1_0_0/inst/myip_v1_0_S_AXI_inst/p_1_in[15]                                                                                                   | system_i/myip_v1_0_0/inst/myip_v1_0_S_AXI_inst/slv_reg2[0]_i_1_n_0                                                                     |                1 |              8 |
|  system_i/processing_system7_0/inst/FCLK_CLK0 | system_i/myip_v1_0_0/inst/myip_v1_0_S_AXI_inst/p_1_in[31]                                                                                                   | system_i/myip_v1_0_0/inst/myip_v1_0_S_AXI_inst/slv_reg2[0]_i_1_n_0                                                                     |                1 |              8 |
|  system_i/processing_system7_0/inst/FCLK_CLK0 | system_i/myip_v1_0_0/inst/myip_v1_0_S_AXI_inst/slv_reg3[7]_i_1_n_0                                                                                          | system_i/myip_v1_0_0/inst/myip_v1_0_S_AXI_inst/slv_reg2[0]_i_1_n_0                                                                     |                2 |              8 |
|  system_i/processing_system7_0/inst/FCLK_CLK0 |                                                                                                                                                             | system_i/myip_v1_0_0/inst/myip_v1_0_S_AXI_inst/slv_reg2[0]_i_1_n_0                                                                     |                2 |              9 |
|  system_i/processing_system7_0/inst/FCLK_CLK0 | system_i/myip_v1_0_0/inst/myip_v1_0_S_AXI_inst/p_1_in[0]                                                                                                    | system_i/myip_v1_0_0/inst/myip_v1_0_S_AXI_inst/slv_reg2[0]_i_1_n_0                                                                     |                2 |              9 |
|  system_i/processing_system7_0/inst/FCLK_CLK0 | system_i/ps7_0_axi_periph/s00_couplers/auto_pc/inst/gen_axilite.gen_b2s_conv.axilite_b2s/RD.ar_channel_0/ar_cmd_fsm_0/axlen_cnt_reg[3][0]                   |                                                                                                                                        |                5 |             12 |
|  system_i/processing_system7_0/inst/FCLK_CLK0 | system_i/ps7_0_axi_periph/s00_couplers/auto_pc/inst/gen_axilite.gen_b2s_conv.axilite_b2s/WR.aw_channel_0/aw_cmd_fsm_0/E[0]                                  |                                                                                                                                        |                5 |             12 |
|  system_i/processing_system7_0/inst/FCLK_CLK0 | system_i/ps7_0_axi_periph/s00_couplers/auto_pc/inst/gen_axilite.gen_b2s_conv.axilite_b2s/RD.r_channel_0/r_push_r                                            |                                                                                                                                        |                4 |             13 |
|  system_i/processing_system7_0/inst/FCLK_CLK0 | system_i/ps7_0_axi_periph/s00_couplers/auto_pc/inst/gen_axilite.gen_b2s_conv.axilite_b2s/SI_REG/b_pipe/p_1_in                                               |                                                                                                                                        |                2 |             14 |
|  system_i/processing_system7_0/inst/FCLK_CLK0 | system_i/ps7_0_axi_periph/s00_couplers/auto_pc/inst/gen_axilite.gen_b2s_conv.axilite_b2s/SI_REG/b_pipe/skid_buffer_reg[0]_0                                 |                                                                                                                                        |                2 |             14 |
|  system_i/processing_system7_0/inst/FCLK_CLK0 | system_i/ps7_0_axi_periph/s00_couplers/auto_pc/inst/gen_axilite.gen_b2s_conv.axilite_b2s/WR.aw_channel_0/aw_cmd_fsm_0/b_push                                |                                                                                                                                        |                3 |             16 |
|  system_i/processing_system7_0/inst/FCLK_CLK0 |                                                                                                                                                             | system_i/count_top_0/inst/counter/AR[0]                                                                                                |                5 |             16 |
|  system_i/processing_system7_0/inst/FCLK_CLK0 | system_i/ps7_0_axi_periph/s00_couplers/auto_pc/inst/gen_axilite.gen_b2s_conv.axilite_b2s/SI_REG/ar_pipe/s_axi_arready                                       |                                                                                                                                        |                6 |             27 |
|  system_i/processing_system7_0/inst/FCLK_CLK0 | system_i/ps7_0_axi_periph/s00_couplers/auto_pc/inst/gen_axilite.gen_b2s_conv.axilite_b2s/SI_REG/aw_pipe/s_axi_awready                                       |                                                                                                                                        |                4 |             27 |
|  system_i/processing_system7_0/inst/FCLK_CLK0 | system_i/ps7_0_axi_periph/s00_couplers/auto_pc/inst/gen_axilite.gen_b2s_conv.axilite_b2s/WR.aw_channel_0/aw_cmd_fsm_0/m_payload_i_reg[0][0]                 |                                                                                                                                        |                6 |             27 |
|  system_i/processing_system7_0/inst/FCLK_CLK0 | system_i/ps7_0_axi_periph/s00_couplers/auto_pc/inst/gen_axilite.gen_b2s_conv.axilite_b2s/RD.ar_channel_0/ar_cmd_fsm_0/m_payload_i_reg[0]_1[0]               |                                                                                                                                        |                6 |             27 |
|  system_i/processing_system7_0/inst/FCLK_CLK0 | system_i/myip_v1_0_0/inst/myip_v1_0_S_AXI_inst/slv_reg_rden__0                                                                                              | system_i/myip_v1_0_0/inst/myip_v1_0_S_AXI_inst/slv_reg2[0]_i_1_n_0                                                                     |               10 |             32 |
|  system_i/processing_system7_0/inst/FCLK_CLK0 | system_i/ps7_0_axi_periph/s00_couplers/auto_pc/inst/gen_axilite.gen_b2s_conv.axilite_b2s/RD.r_channel_0/rd_data_fifo_0/wr_en0                               |                                                                                                                                        |               10 |             34 |
|  system_i/processing_system7_0/inst/FCLK_CLK0 | system_i/ps7_0_axi_periph/s00_couplers/auto_pc/inst/gen_axilite.gen_b2s_conv.axilite_b2s/SI_REG/r_pipe/skid_buffer_reg[0]_0                                 |                                                                                                                                        |                8 |             47 |
|  system_i/processing_system7_0/inst/FCLK_CLK0 | system_i/ps7_0_axi_periph/s00_couplers/auto_pc/inst/gen_axilite.gen_b2s_conv.axilite_b2s/SI_REG/r_pipe/p_1_in                                               |                                                                                                                                        |                8 |             47 |
|  system_i/processing_system7_0/inst/FCLK_CLK0 |                                                                                                                                                             | system_i/ps7_0_axi_periph/s00_couplers/auto_pc/inst/gen_axilite.gen_b2s_conv.axilite_b2s/areset_d1                                     |               13 |             57 |
|  system_i/processing_system7_0/inst/FCLK_CLK0 |                                                                                                                                                             |                                                                                                                                        |               33 |            105 |
+-----------------------------------------------+-------------------------------------------------------------------------------------------------------------------------------------------------------------+----------------------------------------------------------------------------------------------------------------------------------------+------------------+----------------+


+--------+-----------------------+
| Fanout | Number of ControlSets |
+--------+-----------------------+
| 2      |                     1 |
| 4      |                     9 |
| 6      |                     1 |
| 8      |                    10 |
| 9      |                     2 |
| 12     |                     2 |
| 13     |                     1 |
| 14     |                     2 |
| 16+    |                    12 |
+--------+-----------------------+


