Copyright 1986-2016 Xilinx, Inc. All Rights Reserved.
-----------------------------------------------------------------------------------------------------------------------------------
| Tool Version : Vivado v.2016.4_sdx (win64) Build 1806307 Thu Mar  9 15:24:31 MST 2017
| Date         : Sat Aug 11 17:36:26 2018
| Host         : jmcui-PC running 64-bit Service Pack 1  (build 7601)
| Command      : report_methodology -file system_wrapper_methodology_drc_routed.rpt -rpx system_wrapper_methodology_drc_routed.rpx
| Design       : system_wrapper
| Device       : xc7z020clg484-1
| Speed File   : -1
| Design State : Routed
-----------------------------------------------------------------------------------------------------------------------------------

Report Methodology

Table of Contents
-----------------
1. REPORT SUMMARY
2. REPORT DETAILS

1. REPORT SUMMARY
-----------------
            Netlist: netlist
          Floorplan: design_1
      Design limits: <entire design considered>
             Max violations: <unlimited>
             Violations found: 5
+-----------+----------+-------------------------------+------------+
| Rule      | Severity | Description                   | Violations |
+-----------+----------+-------------------------------+------------+
| TIMING-18 | Warning  | Missing input or output delay | 5          |
+-----------+----------+-------------------------------+------------+

2. REPORT DETAILS
-----------------
TIMING-18#1 Warning
Missing input or output delay  
An input delay is missing on GATE relative to clock(s) clk_fpga_0 
Related violations: <none>

TIMING-18#2 Warning
Missing input or output delay  
An input delay is missing on PMT relative to clock(s) clk_fpga_0 
Related violations: <none>

TIMING-18#3 Warning
Missing input or output delay  
An input delay is missing on RST_N relative to clock(s) clk_fpga_0 
Related violations: <none>

TIMING-18#4 Warning
Missing input or output delay  
An output delay is missing on BRIGHT relative to clock(s) clk_fpga_0 
Related violations: <none>

TIMING-18#5 Warning
Missing input or output delay  
An output delay is missing on out1 relative to clock(s) clk_fpga_0 
Related violations: <none>


